2019-12-05 19:14:09.661 DEBUG Application_Error: System.NullReferenceException: 未将对象引用设置到对象的实例。
   在 Crazy2018_WebSite_Manage.Controllers.HomeController.Index() 位置 D:\WhirlSys\whirl2020sites\Whirl2019_Sites\Crazy2018_WebSite_Manage\Controllers\HomeController.cs:行号 240
   在 lambda_method(Closure , ControllerBase , Object[] )
   在 System.Web.Mvc.ActionMethodDispatcher.Execute(ControllerBase controller, Object[] parameters)
   在 System.Web.Mvc.ReflectedActionDescriptor.Execute(ControllerContext controllerContext, IDictionary`2 parameters)
   在 System.Web.Mvc.ControllerActionInvoker.InvokeActionMethod(ControllerContext controllerContext, ActionDescriptor actionDescriptor, IDictionary`2 parameters)
   在 System.Web.Mvc.Async.AsyncControllerActionInvoker.<BeginInvokeSynchronousActionMethod>b__39(IAsyncResult asyncResult, ActionInvocation innerInvokeState)
   在 System.Web.Mvc.Async.AsyncResultWrapper.WrappedAsyncResult`2.CallEndDelegate(IAsyncResult asyncResult)
   在 System.Web.Mvc.Async.AsyncResultWrapper.WrappedAsyncResultBase`1.End()
   在 System.Web.Mvc.Async.AsyncControllerActionInvoker.EndInvokeActionMethod(IAsyncResult asyncResult)
   在 System.Web.Mvc.Async.AsyncControllerActionInvoker.AsyncInvocationWithFilters.<InvokeActionMethodFilterAsynchronouslyRecursive>b__3d()
   在 System.Web.Mvc.Async.AsyncControllerActionInvoker.AsyncInvocationWithFilters.<>c__DisplayClass46.<InvokeActionMethodFilterAsynchronouslyRecursive>b__3f()
   在 System.Web.Mvc.Async.AsyncControllerActionInvoker.AsyncInvocationWithFilters.<>c__DisplayClass46.<InvokeActionMethodFilterAsynchronouslyRecursive>b__3f()
   在 System.Web.Mvc.Async.AsyncControllerActionInvoker.<>c__DisplayClass33.<BeginInvokeActionMethodWithFilters>b__32(IAsyncResult asyncResult)
   在 System.Web.Mvc.Async.AsyncResultWrapper.WrappedAsyncResult`1.CallEndDelegate(IAsyncResult asyncResult)
   在 System.Web.Mvc.Async.AsyncResultWrapper.WrappedAsyncResultBase`1.End()
   在 System.Web.Mvc.Async.AsyncControllerActionInvoker.EndInvokeActionMethodWithFilters(IAsyncResult asyncResult)
   在 System.Web.Mvc.Async.AsyncControllerActionInvoker.<>c__DisplayClass21.<>c__DisplayClass2b.<BeginInvokeAction>b__1c()
   在 System.Web.Mvc.Async.AsyncControllerActionInvoker.<>c__DisplayClass21.<BeginInvokeAction>b__1e(IAsyncResult asyncResult)
   在 System.Web.Mvc.Async.AsyncResultWrapper.WrappedAsyncResult`1.CallEndDelegate(IAsyncResult asyncResult)
   在 System.Web.Mvc.Async.AsyncResultWrapper.WrappedAsyncResultBase`1.End()
   在 System.Web.Mvc.Async.AsyncControllerActionInvoker.EndInvokeAction(IAsyncResult asyncResult)
   在 System.Web.Mvc.Controller.<BeginExecuteCore>b__1d(IAsyncResult asyncResult, ExecuteCoreState innerState)
   在 System.Web.Mvc.Async.AsyncResultWrapper.WrappedAsyncVoid`1.CallEndDelegate(IAsyncResult asyncResult)
   在 System.Web.Mvc.Async.AsyncResultWrapper.WrappedAsyncResultBase`1.End()
   在 System.Web.Mvc.Controller.EndExecuteCore(IAsyncResult asyncResult)
   在 System.Web.Mvc.Controller.<BeginExecute>b__15(IAsyncResult asyncResult, Controller controller)
   在 System.Web.Mvc.Async.AsyncResultWrapper.WrappedAsyncVoid`1.CallEndDelegate(IAsyncResult asyncResult)
   在 System.Web.Mvc.Async.AsyncResultWrapper.WrappedAsyncResultBase`1.End()
   在 System.Web.Mvc.Controller.EndExecute(IAsyncResult asyncResult)
   在 System.Web.Mvc.Controller.System.Web.Mvc.Async.IAsyncController.EndExecute(IAsyncResult asyncResult)
   在 System.Web.Mvc.MvcHandler.<BeginProcessRequest>b__5(IAsyncResult asyncResult, ProcessRequestState innerState)
   在 System.Web.Mvc.Async.AsyncResultWrapper.WrappedAsyncVoid`1.CallEndDelegate(IAsyncResult asyncResult)
   在 System.Web.Mvc.Async.AsyncResultWrapper.WrappedAsyncResultBase`1.End()
   在 System.Web.Mvc.MvcHandler.EndProcessRequest(IAsyncResult asyncResult)
   在 System.Web.Mvc.MvcHandler.System.Web.IHttpAsyncHandler.EndProcessRequest(IAsyncResult result)
   在 System.Web.HttpApplication.CallHandlerExecutionStep.System.Web.HttpApplication.IExecutionStep.Execute()
   在 System.Web.HttpApplication.ExecuteStepImpl(IExecutionStep step)
   在 System.Web.HttpApplication.ExecuteStep(IExecutionStep step, Boolean& completedSynchronously)
2019-12-05 19:14:09.829 DEBUG Application_Error: System.NullReferenceException: 未将对象引用设置到对象的实例。
   在 Crazy2018_WebSite_Manage.Controllers.HomeController.Index() 位置 D:\WhirlSys\whirl2020sites\Whirl2019_Sites\Crazy2018_WebSite_Manage\Controllers\HomeController.cs:行号 240
   在 lambda_method(Closure , ControllerBase , Object[] )
   在 System.Web.Mvc.ActionMethodDispatcher.Execute(ControllerBase controller, Object[] parameters)
   在 System.Web.Mvc.ReflectedActionDescriptor.Execute(ControllerContext controllerContext, IDictionary`2 parameters)
   在 System.Web.Mvc.ControllerActionInvoker.InvokeActionMethod(ControllerContext controllerContext, ActionDescriptor actionDescriptor, IDictionary`2 parameters)
   在 System.Web.Mvc.Async.AsyncControllerActionInvoker.<BeginInvokeSynchronousActionMethod>b__39(IAsyncResult asyncResult, ActionInvocation innerInvokeState)
   在 System.Web.Mvc.Async.AsyncResultWrapper.WrappedAsyncResult`2.CallEndDelegate(IAsyncResult asyncResult)
   在 System.Web.Mvc.Async.AsyncResultWrapper.WrappedAsyncResultBase`1.End()
   在 System.Web.Mvc.Async.AsyncControllerActionInvoker.EndInvokeActionMethod(IAsyncResult asyncResult)
   在 System.Web.Mvc.Async.AsyncControllerActionInvoker.AsyncInvocationWithFilters.<InvokeActionMethodFilterAsynchronouslyRecursive>b__3d()
   在 System.Web.Mvc.Async.AsyncControllerActionInvoker.AsyncInvocationWithFilters.<>c__DisplayClass46.<InvokeActionMethodFilterAsynchronouslyRecursive>b__3f()
   在 System.Web.Mvc.Async.AsyncControllerActionInvoker.AsyncInvocationWithFilters.<>c__DisplayClass46.<InvokeActionMethodFilterAsynchronouslyRecursive>b__3f()
   在 System.Web.Mvc.Async.AsyncControllerActionInvoker.<>c__DisplayClass33.<BeginInvokeActionMethodWithFilters>b__32(IAsyncResult asyncResult)
   在 System.Web.Mvc.Async.AsyncResultWrapper.WrappedAsyncResult`1.CallEndDelegate(IAsyncResult asyncResult)
   在 System.Web.Mvc.Async.AsyncResultWrapper.WrappedAsyncResultBase`1.End()
   在 System.Web.Mvc.Async.AsyncControllerActionInvoker.EndInvokeActionMethodWithFilters(IAsyncResult asyncResult)
   在 System.Web.Mvc.Async.AsyncControllerActionInvoker.<>c__DisplayClass21.<>c__DisplayClass2b.<BeginInvokeAction>b__1c()
   在 System.Web.Mvc.Async.AsyncControllerActionInvoker.<>c__DisplayClass21.<BeginInvokeAction>b__1e(IAsyncResult asyncResult)
   在 System.Web.Mvc.Async.AsyncResultWrapper.WrappedAsyncResult`1.CallEndDelegate(IAsyncResult asyncResult)
   在 System.Web.Mvc.Async.AsyncResultWrapper.WrappedAsyncResultBase`1.End()
   在 System.Web.Mvc.Async.AsyncControllerActionInvoker.EndInvokeAction(IAsyncResult asyncResult)
   在 System.Web.Mvc.Controller.<BeginExecuteCore>b__1d(IAsyncResult asyncResult, ExecuteCoreState innerState)
   在 System.Web.Mvc.Async.AsyncResultWrapper.WrappedAsyncVoid`1.CallEndDelegate(IAsyncResult asyncResult)
   在 System.Web.Mvc.Async.AsyncResultWrapper.WrappedAsyncResultBase`1.End()
   在 System.Web.Mvc.Controller.EndExecuteCore(IAsyncResult asyncResult)
   在 System.Web.Mvc.Controller.<BeginExecute>b__15(IAsyncResult asyncResult, Controller controller)
   在 System.Web.Mvc.Async.AsyncResultWrapper.WrappedAsyncVoid`1.CallEndDelegate(IAsyncResult asyncResult)
   在 System.Web.Mvc.Async.AsyncResultWrapper.WrappedAsyncResultBase`1.End()
   在 System.Web.Mvc.Controller.EndExecute(IAsyncResult asyncResult)
   在 System.Web.Mvc.Controller.System.Web.Mvc.Async.IAsyncController.EndExecute(IAsyncResult asyncResult)
   在 System.Web.Mvc.MvcHandler.<BeginProcessRequest>b__5(IAsyncResult asyncResult, ProcessRequestState innerState)
   在 System.Web.Mvc.Async.AsyncResultWrapper.WrappedAsyncVoid`1.CallEndDelegate(IAsyncResult asyncResult)
   在 System.Web.Mvc.Async.AsyncResultWrapper.WrappedAsyncResultBase`1.End()
   在 System.Web.Mvc.MvcHandler.EndProcessRequest(IAsyncResult asyncResult)
   在 System.Web.Mvc.MvcHandler.System.Web.IHttpAsyncHandler.EndProcessRequest(IAsyncResult result)
   在 System.Web.HttpApplication.CallHandlerExecutionStep.System.Web.HttpApplication.IExecutionStep.Execute()
   在 System.Web.HttpApplication.ExecuteStepImpl(IExecutionStep step)
   在 System.Web.HttpApplication.ExecuteStep(IExecutionStep step, Boolean& completedSynchronously)
2019-12-05 19:48:25.699 DEBUG Application_Error: System.NullReferenceException: 未将对象引用设置到对象的实例。
   在 Crazy2018_WebSite_Manage.Hubs.NoticeHub.OnConnected() 位置 D:\WhirlSys\whirl2020sites\Whirl2019_Sites\Crazy2018_WebSite_Manage\Hubs\NoticeHub.cs:行号 25
   在 Microsoft.AspNet.SignalR.Hubs.HubDispatcher.Connect(IHub hub)
   在 Microsoft.AspNet.SignalR.Hubs.HubPipelineModule.<>c__DisplayClass1_0.<BuildConnect>b__0(IHub hub)
   在 Microsoft.AspNet.SignalR.Hubs.HubPipeline.Connect(IHub hub)
   在 Microsoft.AspNet.SignalR.Hubs.HubDispatcher.<OnConnected>b__30_0(IHub hub)
   在 Microsoft.AspNet.SignalR.Hubs.HubDispatcher.<>c__DisplayClass35_0.<ExecuteHubEvent>b__0(IHub instance)
   在 System.Linq.Enumerable.WhereSelectListIterator`2.MoveNext()
   在 System.Linq.Buffer`1..ctor(IEnumerable`1 source)
   在 System.Linq.Enumerable.ToArray[TSource](IEnumerable`1 source)
   在 Microsoft.AspNet.SignalR.Hubs.HubDispatcher.ExecuteHubEvent(IRequest request, String connectionId, Func`2 action)
   在 Microsoft.AspNet.SignalR.Hubs.HubDispatcher.OnConnected(IRequest request, String connectionId)
   在 Microsoft.AspNet.SignalR.PersistentConnection.ProcessStartRequest(HostContext context, String connectionId)
   在 Microsoft.AspNet.SignalR.PersistentConnection.ProcessRequestPostGroupRead(HostContext context, String groupsToken)
   在 Microsoft.AspNet.SignalR.PersistentConnection.<>c.<ProcessRequest>b__63_0(String g, PersistentConnection pc, HostContext c)
   在 Microsoft.AspNet.SignalR.TaskAsyncHelper.FromMethod[T1,T2,T3,TResult](Func`4 func, T1 arg1, T2 arg2, T3 arg3)
--- 引发异常的上一位置中堆栈跟踪的末尾 ---
   在 System.Runtime.CompilerServices.TaskAwaiter.ThrowForNonSuccess(Task task)
   在 System.Runtime.CompilerServices.TaskAwaiter.HandleNonSuccessAndDebuggerNotification(Task task)
   在 Microsoft.Owin.Mapping.MapMiddleware.<Invoke>d__0.MoveNext()
--- 引发异常的上一位置中堆栈跟踪的末尾 ---
   在 Microsoft.Owin.Host.SystemWeb.IntegratedPipeline.StageAsyncResult.End(IAsyncResult ar)
   在 Microsoft.Owin.Host.SystemWeb.IntegratedPipeline.IntegratedPipelineContext.EndFinalWork(IAsyncResult ar)
   在 System.Web.HttpApplication.AsyncEventExecutionStep.System.Web.HttpApplication.IExecutionStep.Execute()
   在 System.Web.HttpApplication.ExecuteStepImpl(IExecutionStep step)
   在 System.Web.HttpApplication.ExecuteStep(IExecutionStep step, Boolean& completedSynchronously)
2019-12-05 19:50:20.303 DEBUG Application_Error: System.NullReferenceException: 未将对象引用设置到对象的实例。
   在 Crazy2018_WebSite_Manage.Hubs.NoticeHub.OnConnected() 位置 D:\WhirlSys\whirl2020sites\Whirl2019_Sites\Crazy2018_WebSite_Manage\Hubs\NoticeHub.cs:行号 25
   在 Microsoft.AspNet.SignalR.Hubs.HubDispatcher.Connect(IHub hub)
   在 Microsoft.AspNet.SignalR.Hubs.HubPipelineModule.<>c__DisplayClass1_0.<BuildConnect>b__0(IHub hub)
   在 Microsoft.AspNet.SignalR.Hubs.HubPipeline.Connect(IHub hub)
   在 Microsoft.AspNet.SignalR.Hubs.HubDispatcher.<OnConnected>b__30_0(IHub hub)
   在 Microsoft.AspNet.SignalR.Hubs.HubDispatcher.<>c__DisplayClass35_0.<ExecuteHubEvent>b__0(IHub instance)
   在 System.Linq.Enumerable.WhereSelectListIterator`2.MoveNext()
   在 System.Linq.Buffer`1..ctor(IEnumerable`1 source)
   在 System.Linq.Enumerable.ToArray[TSource](IEnumerable`1 source)
   在 Microsoft.AspNet.SignalR.Hubs.HubDispatcher.ExecuteHubEvent(IRequest request, String connectionId, Func`2 action)
   在 Microsoft.AspNet.SignalR.Hubs.HubDispatcher.OnConnected(IRequest request, String connectionId)
   在 Microsoft.AspNet.SignalR.PersistentConnection.ProcessStartRequest(HostContext context, String connectionId)
   在 Microsoft.AspNet.SignalR.PersistentConnection.ProcessRequestPostGroupRead(HostContext context, String groupsToken)
   在 Microsoft.AspNet.SignalR.PersistentConnection.<>c.<ProcessRequest>b__63_0(String g, PersistentConnection pc, HostContext c)
   在 Microsoft.AspNet.SignalR.TaskAsyncHelper.FromMethod[T1,T2,T3,TResult](Func`4 func, T1 arg1, T2 arg2, T3 arg3)
--- 引发异常的上一位置中堆栈跟踪的末尾 ---
   在 System.Runtime.CompilerServices.TaskAwaiter.ThrowForNonSuccess(Task task)
   在 System.Runtime.CompilerServices.TaskAwaiter.HandleNonSuccessAndDebuggerNotification(Task task)
   在 Microsoft.Owin.Mapping.MapMiddleware.<Invoke>d__0.MoveNext()
--- 引发异常的上一位置中堆栈跟踪的末尾 ---
   在 Microsoft.Owin.Host.SystemWeb.IntegratedPipeline.StageAsyncResult.End(IAsyncResult ar)
   在 Microsoft.Owin.Host.SystemWeb.IntegratedPipeline.IntegratedPipelineContext.EndFinalWork(IAsyncResult ar)
   在 System.Web.HttpApplication.AsyncEventExecutionStep.System.Web.HttpApplication.IExecutionStep.Execute()
   在 System.Web.HttpApplication.ExecuteStepImpl(IExecutionStep step)
   在 System.Web.HttpApplication.ExecuteStep(IExecutionStep step, Boolean& completedSynchronously)
2019-12-05 19:53:00.328 DEBUG Application_Error: System.NullReferenceException: 未将对象引用设置到对象的实例。
   在 Crazy2018_WebSite_Manage.Hubs.NoticeHub.OnConnected() 位置 D:\WhirlSys\whirl2020sites\Whirl2019_Sites\Crazy2018_WebSite_Manage\Hubs\NoticeHub.cs:行号 25
   在 Microsoft.AspNet.SignalR.Hubs.HubDispatcher.Connect(IHub hub)
   在 Microsoft.AspNet.SignalR.Hubs.HubPipelineModule.<>c__DisplayClass1_0.<BuildConnect>b__0(IHub hub)
   在 Microsoft.AspNet.SignalR.Hubs.HubPipeline.Connect(IHub hub)
   在 Microsoft.AspNet.SignalR.Hubs.HubDispatcher.<OnConnected>b__30_0(IHub hub)
   在 Microsoft.AspNet.SignalR.Hubs.HubDispatcher.<>c__DisplayClass35_0.<ExecuteHubEvent>b__0(IHub instance)
   在 System.Linq.Enumerable.WhereSelectListIterator`2.MoveNext()
   在 System.Linq.Buffer`1..ctor(IEnumerable`1 source)
   在 System.Linq.Enumerable.ToArray[TSource](IEnumerable`1 source)
   在 Microsoft.AspNet.SignalR.Hubs.HubDispatcher.ExecuteHubEvent(IRequest request, String connectionId, Func`2 action)
   在 Microsoft.AspNet.SignalR.Hubs.HubDispatcher.OnConnected(IRequest request, String connectionId)
   在 Microsoft.AspNet.SignalR.PersistentConnection.ProcessStartRequest(HostContext context, String connectionId)
   在 Microsoft.AspNet.SignalR.PersistentConnection.ProcessRequestPostGroupRead(HostContext context, String groupsToken)
   在 Microsoft.AspNet.SignalR.PersistentConnection.<>c.<ProcessRequest>b__63_0(String g, PersistentConnection pc, HostContext c)
   在 Microsoft.AspNet.SignalR.TaskAsyncHelper.FromMethod[T1,T2,T3,TResult](Func`4 func, T1 arg1, T2 arg2, T3 arg3)
--- 引发异常的上一位置中堆栈跟踪的末尾 ---
   在 System.Runtime.CompilerServices.TaskAwaiter.ThrowForNonSuccess(Task task)
   在 System.Runtime.CompilerServices.TaskAwaiter.HandleNonSuccessAndDebuggerNotification(Task task)
   在 Microsoft.Owin.Mapping.MapMiddleware.<Invoke>d__0.MoveNext()
--- 引发异常的上一位置中堆栈跟踪的末尾 ---
   在 Microsoft.Owin.Host.SystemWeb.IntegratedPipeline.StageAsyncResult.End(IAsyncResult ar)
   在 Microsoft.Owin.Host.SystemWeb.IntegratedPipeline.IntegratedPipelineContext.EndFinalWork(IAsyncResult ar)
   在 System.Web.HttpApplication.AsyncEventExecutionStep.System.Web.HttpApplication.IExecutionStep.Execute()
   在 System.Web.HttpApplication.ExecuteStepImpl(IExecutionStep step)
   在 System.Web.HttpApplication.ExecuteStep(IExecutionStep step, Boolean& completedSynchronously)
2019-12-05 20:00:50.667 DEBUG Application_Error: System.NullReferenceException: 未将对象引用设置到对象的实例。
   在 Crazy2018_WebSite_Manage.Hubs.NoticeHub.OnConnected() 位置 D:\WhirlSys\whirl2020sites\Whirl2019_Sites\Crazy2018_WebSite_Manage\Hubs\NoticeHub.cs:行号 25
   在 Microsoft.AspNet.SignalR.Hubs.HubDispatcher.Connect(IHub hub)
   在 Microsoft.AspNet.SignalR.Hubs.HubPipelineModule.<>c__DisplayClass1_0.<BuildConnect>b__0(IHub hub)
   在 Microsoft.AspNet.SignalR.Hubs.HubPipeline.Connect(IHub hub)
   在 Microsoft.AspNet.SignalR.Hubs.HubDispatcher.<OnConnected>b__30_0(IHub hub)
   在 Microsoft.AspNet.SignalR.Hubs.HubDispatcher.<>c__DisplayClass35_0.<ExecuteHubEvent>b__0(IHub instance)
   在 System.Linq.Enumerable.WhereSelectListIterator`2.MoveNext()
   在 System.Linq.Buffer`1..ctor(IEnumerable`1 source)
   在 System.Linq.Enumerable.ToArray[TSource](IEnumerable`1 source)
   在 Microsoft.AspNet.SignalR.Hubs.HubDispatcher.ExecuteHubEvent(IRequest request, String connectionId, Func`2 action)
   在 Microsoft.AspNet.SignalR.Hubs.HubDispatcher.OnConnected(IRequest request, String connectionId)
   在 Microsoft.AspNet.SignalR.PersistentConnection.ProcessStartRequest(HostContext context, String connectionId)
   在 Microsoft.AspNet.SignalR.PersistentConnection.ProcessRequestPostGroupRead(HostContext context, String groupsToken)
   在 Microsoft.AspNet.SignalR.PersistentConnection.<>c.<ProcessRequest>b__63_0(String g, PersistentConnection pc, HostContext c)
   在 Microsoft.AspNet.SignalR.TaskAsyncHelper.FromMethod[T1,T2,T3,TResult](Func`4 func, T1 arg1, T2 arg2, T3 arg3)
--- 引发异常的上一位置中堆栈跟踪的末尾 ---
   在 System.Runtime.CompilerServices.TaskAwaiter.ThrowForNonSuccess(Task task)
   在 System.Runtime.CompilerServices.TaskAwaiter.HandleNonSuccessAndDebuggerNotification(Task task)
   在 Microsoft.Owin.Mapping.MapMiddleware.<Invoke>d__0.MoveNext()
--- 引发异常的上一位置中堆栈跟踪的末尾 ---
   在 Microsoft.Owin.Host.SystemWeb.IntegratedPipeline.StageAsyncResult.End(IAsyncResult ar)
   在 Microsoft.Owin.Host.SystemWeb.IntegratedPipeline.IntegratedPipelineContext.EndFinalWork(IAsyncResult ar)
   在 System.Web.HttpApplication.AsyncEventExecutionStep.System.Web.HttpApplication.IExecutionStep.Execute()
   在 System.Web.HttpApplication.ExecuteStepImpl(IExecutionStep step)
   在 System.Web.HttpApplication.ExecuteStep(IExecutionStep step, Boolean& completedSynchronously)
2019-12-05 20:03:22.634 DEBUG Application_Error: System.Web.HttpException (0x80004005): 未找到路径“/Views/Home/Login.cshtml”。
   在 System.Web.HttpNotFoundHandler.ProcessRequest(HttpContext context)
   在 System.Web.HttpApplication.CallHandlerExecutionStep.System.Web.HttpApplication.IExecutionStep.Execute()
   在 System.Web.HttpApplication.ExecuteStepImpl(IExecutionStep step)
   在 System.Web.HttpApplication.ExecuteStep(IExecutionStep step, Boolean& completedSynchronously)
2019-12-05 20:15:05.633 DEBUG Application_Error: System.NullReferenceException: 未将对象引用设置到对象的实例。
   在 Crazy2018_WebSite_Manage.Hubs.NoticeHub.OnConnected() 位置 D:\WhirlSys\whirl2020sites\Whirl2019_Sites\Crazy2018_WebSite_Manage\Hubs\NoticeHub.cs:行号 25
   在 Microsoft.AspNet.SignalR.Hubs.HubDispatcher.Connect(IHub hub)
   在 Microsoft.AspNet.SignalR.Hubs.HubPipelineModule.<>c__DisplayClass1_0.<BuildConnect>b__0(IHub hub)
   在 Microsoft.AspNet.SignalR.Hubs.HubPipeline.Connect(IHub hub)
   在 Microsoft.AspNet.SignalR.Hubs.HubDispatcher.<OnConnected>b__30_0(IHub hub)
   在 Microsoft.AspNet.SignalR.Hubs.HubDispatcher.<>c__DisplayClass35_0.<ExecuteHubEvent>b__0(IHub instance)
   在 System.Linq.Enumerable.WhereSelectListIterator`2.MoveNext()
   在 System.Linq.Buffer`1..ctor(IEnumerable`1 source)
   在 System.Linq.Enumerable.ToArray[TSource](IEnumerable`1 source)
   在 Microsoft.AspNet.SignalR.Hubs.HubDispatcher.ExecuteHubEvent(IRequest request, String connectionId, Func`2 action)
   在 Microsoft.AspNet.SignalR.Hubs.HubDispatcher.OnConnected(IRequest request, String connectionId)
   在 Microsoft.AspNet.SignalR.PersistentConnection.ProcessStartRequest(HostContext context, String connectionId)
   在 Microsoft.AspNet.SignalR.PersistentConnection.ProcessRequestPostGroupRead(HostContext context, String groupsToken)
   在 Microsoft.AspNet.SignalR.PersistentConnection.<>c.<ProcessRequest>b__63_0(String g, PersistentConnection pc, HostContext c)
   在 Microsoft.AspNet.SignalR.TaskAsyncHelper.FromMethod[T1,T2,T3,TResult](Func`4 func, T1 arg1, T2 arg2, T3 arg3)
--- 引发异常的上一位置中堆栈跟踪的末尾 ---
   在 System.Runtime.CompilerServices.TaskAwaiter.ThrowForNonSuccess(Task task)
   在 System.Runtime.CompilerServices.TaskAwaiter.HandleNonSuccessAndDebuggerNotification(Task task)
   在 Microsoft.Owin.Mapping.MapMiddleware.<Invoke>d__0.MoveNext()
--- 引发异常的上一位置中堆栈跟踪的末尾 ---
   在 Microsoft.Owin.Host.SystemWeb.IntegratedPipeline.StageAsyncResult.End(IAsyncResult ar)
   在 Microsoft.Owin.Host.SystemWeb.IntegratedPipeline.IntegratedPipelineContext.EndFinalWork(IAsyncResult ar)
   在 System.Web.HttpApplication.AsyncEventExecutionStep.System.Web.HttpApplication.IExecutionStep.Execute()
   在 System.Web.HttpApplication.ExecuteStepImpl(IExecutionStep step)
   在 System.Web.HttpApplication.ExecuteStep(IExecutionStep step, Boolean& completedSynchronously)
2019-12-05 20:15:56.894 DEBUG Application_Error: System.NullReferenceException: 未将对象引用设置到对象的实例。
   在 Crazy2018_WebSite_Manage.Hubs.NoticeHub.OnConnected() 位置 D:\WhirlSys\whirl2020sites\Whirl2019_Sites\Crazy2018_WebSite_Manage\Hubs\NoticeHub.cs:行号 25
   在 Microsoft.AspNet.SignalR.Hubs.HubDispatcher.Connect(IHub hub)
   在 Microsoft.AspNet.SignalR.Hubs.HubPipelineModule.<>c__DisplayClass1_0.<BuildConnect>b__0(IHub hub)
   在 Microsoft.AspNet.SignalR.Hubs.HubPipeline.Connect(IHub hub)
   在 Microsoft.AspNet.SignalR.Hubs.HubDispatcher.<OnConnected>b__30_0(IHub hub)
   在 Microsoft.AspNet.SignalR.Hubs.HubDispatcher.<>c__DisplayClass35_0.<ExecuteHubEvent>b__0(IHub instance)
   在 System.Linq.Enumerable.WhereSelectListIterator`2.MoveNext()
   在 System.Linq.Buffer`1..ctor(IEnumerable`1 source)
   在 System.Linq.Enumerable.ToArray[TSource](IEnumerable`1 source)
   在 Microsoft.AspNet.SignalR.Hubs.HubDispatcher.ExecuteHubEvent(IRequest request, String connectionId, Func`2 action)
   在 Microsoft.AspNet.SignalR.Hubs.HubDispatcher.OnConnected(IRequest request, String connectionId)
   在 Microsoft.AspNet.SignalR.PersistentConnection.ProcessStartRequest(HostContext context, String connectionId)
   在 Microsoft.AspNet.SignalR.PersistentConnection.ProcessRequestPostGroupRead(HostContext context, String groupsToken)
   在 Microsoft.AspNet.SignalR.PersistentConnection.<>c.<ProcessRequest>b__63_0(String g, PersistentConnection pc, HostContext c)
   在 Microsoft.AspNet.SignalR.TaskAsyncHelper.FromMethod[T1,T2,T3,TResult](Func`4 func, T1 arg1, T2 arg2, T3 arg3)
--- 引发异常的上一位置中堆栈跟踪的末尾 ---
   在 System.Runtime.CompilerServices.TaskAwaiter.ThrowForNonSuccess(Task task)
   在 System.Runtime.CompilerServices.TaskAwaiter.HandleNonSuccessAndDebuggerNotification(Task task)
   在 Microsoft.Owin.Mapping.MapMiddleware.<Invoke>d__0.MoveNext()
--- 引发异常的上一位置中堆栈跟踪的末尾 ---
   在 Microsoft.Owin.Host.SystemWeb.IntegratedPipeline.StageAsyncResult.End(IAsyncResult ar)
   在 Microsoft.Owin.Host.SystemWeb.IntegratedPipeline.IntegratedPipelineContext.EndFinalWork(IAsyncResult ar)
   在 System.Web.HttpApplication.AsyncEventExecutionStep.System.Web.HttpApplication.IExecutionStep.Execute()
   在 System.Web.HttpApplication.ExecuteStepImpl(IExecutionStep step)
   在 System.Web.HttpApplication.ExecuteStep(IExecutionStep step, Boolean& completedSynchronously)
2019-12-05 20:18:49.381 DEBUG Application_Error: System.NullReferenceException: 未将对象引用设置到对象的实例。
   在 Crazy2018_WebSite_Manage.Hubs.NoticeHub.OnConnected() 位置 D:\WhirlSys\whirl2020sites\Whirl2019_Sites\Crazy2018_WebSite_Manage\Hubs\NoticeHub.cs:行号 25
   在 Microsoft.AspNet.SignalR.Hubs.HubDispatcher.Connect(IHub hub)
   在 Microsoft.AspNet.SignalR.Hubs.HubPipelineModule.<>c__DisplayClass1_0.<BuildConnect>b__0(IHub hub)
   在 Microsoft.AspNet.SignalR.Hubs.HubPipeline.Connect(IHub hub)
   在 Microsoft.AspNet.SignalR.Hubs.HubDispatcher.<OnConnected>b__30_0(IHub hub)
   在 Microsoft.AspNet.SignalR.Hubs.HubDispatcher.<>c__DisplayClass35_0.<ExecuteHubEvent>b__0(IHub instance)
   在 System.Linq.Enumerable.WhereSelectListIterator`2.MoveNext()
   在 System.Linq.Buffer`1..ctor(IEnumerable`1 source)
   在 System.Linq.Enumerable.ToArray[TSource](IEnumerable`1 source)
   在 Microsoft.AspNet.SignalR.Hubs.HubDispatcher.ExecuteHubEvent(IRequest request, String connectionId, Func`2 action)
   在 Microsoft.AspNet.SignalR.Hubs.HubDispatcher.OnConnected(IRequest request, String connectionId)
   在 Microsoft.AspNet.SignalR.PersistentConnection.ProcessStartRequest(HostContext context, String connectionId)
   在 Microsoft.AspNet.SignalR.PersistentConnection.ProcessRequestPostGroupRead(HostContext context, String groupsToken)
   在 Microsoft.AspNet.SignalR.PersistentConnection.<>c.<ProcessRequest>b__63_0(String g, PersistentConnection pc, HostContext c)
   在 Microsoft.AspNet.SignalR.TaskAsyncHelper.FromMethod[T1,T2,T3,TResult](Func`4 func, T1 arg1, T2 arg2, T3 arg3)
--- 引发异常的上一位置中堆栈跟踪的末尾 ---
   在 System.Runtime.CompilerServices.TaskAwaiter.ThrowForNonSuccess(Task task)
   在 System.Runtime.CompilerServices.TaskAwaiter.HandleNonSuccessAndDebuggerNotification(Task task)
   在 Microsoft.Owin.Mapping.MapMiddleware.<Invoke>d__0.MoveNext()
--- 引发异常的上一位置中堆栈跟踪的末尾 ---
   在 Microsoft.Owin.Host.SystemWeb.IntegratedPipeline.StageAsyncResult.End(IAsyncResult ar)
   在 Microsoft.Owin.Host.SystemWeb.IntegratedPipeline.IntegratedPipelineContext.EndFinalWork(IAsyncResult ar)
   在 System.Web.HttpApplication.AsyncEventExecutionStep.System.Web.HttpApplication.IExecutionStep.Execute()
   在 System.Web.HttpApplication.ExecuteStepImpl(IExecutionStep step)
   在 System.Web.HttpApplication.ExecuteStep(IExecutionStep step, Boolean& completedSynchronously)
2019-12-05 20:20:20.875 DEBUG Application_Error: System.NullReferenceException: 未将对象引用设置到对象的实例。
   在 Crazy2018_WebSite_Manage.Hubs.NoticeHub.OnConnected() 位置 D:\WhirlSys\whirl2020sites\Whirl2019_Sites\Crazy2018_WebSite_Manage\Hubs\NoticeHub.cs:行号 25
   在 Microsoft.AspNet.SignalR.Hubs.HubDispatcher.Connect(IHub hub)
   在 Microsoft.AspNet.SignalR.Hubs.HubPipelineModule.<>c__DisplayClass1_0.<BuildConnect>b__0(IHub hub)
   在 Microsoft.AspNet.SignalR.Hubs.HubPipeline.Connect(IHub hub)
   在 Microsoft.AspNet.SignalR.Hubs.HubDispatcher.<OnConnected>b__30_0(IHub hub)
   在 Microsoft.AspNet.SignalR.Hubs.HubDispatcher.<>c__DisplayClass35_0.<ExecuteHubEvent>b__0(IHub instance)
   在 System.Linq.Enumerable.WhereSelectListIterator`2.MoveNext()
   在 System.Linq.Buffer`1..ctor(IEnumerable`1 source)
   在 System.Linq.Enumerable.ToArray[TSource](IEnumerable`1 source)
   在 Microsoft.AspNet.SignalR.Hubs.HubDispatcher.ExecuteHubEvent(IRequest request, String connectionId, Func`2 action)
   在 Microsoft.AspNet.SignalR.Hubs.HubDispatcher.OnConnected(IRequest request, String connectionId)
   在 Microsoft.AspNet.SignalR.PersistentConnection.ProcessStartRequest(HostContext context, String connectionId)
   在 Microsoft.AspNet.SignalR.PersistentConnection.ProcessRequestPostGroupRead(HostContext context, String groupsToken)
   在 Microsoft.AspNet.SignalR.PersistentConnection.<>c.<ProcessRequest>b__63_0(String g, PersistentConnection pc, HostContext c)
   在 Microsoft.AspNet.SignalR.TaskAsyncHelper.FromMethod[T1,T2,T3,TResult](Func`4 func, T1 arg1, T2 arg2, T3 arg3)
--- 引发异常的上一位置中堆栈跟踪的末尾 ---
   在 System.Runtime.CompilerServices.TaskAwaiter.ThrowForNonSuccess(Task task)
   在 System.Runtime.CompilerServices.TaskAwaiter.HandleNonSuccessAndDebuggerNotification(Task task)
   在 Microsoft.Owin.Mapping.MapMiddleware.<Invoke>d__0.MoveNext()
--- 引发异常的上一位置中堆栈跟踪的末尾 ---
   在 Microsoft.Owin.Host.SystemWeb.IntegratedPipeline.StageAsyncResult.End(IAsyncResult ar)
   在 Microsoft.Owin.Host.SystemWeb.IntegratedPipeline.IntegratedPipelineContext.EndFinalWork(IAsyncResult ar)
   在 System.Web.HttpApplication.AsyncEventExecutionStep.System.Web.HttpApplication.IExecutionStep.Execute()
   在 System.Web.HttpApplication.ExecuteStepImpl(IExecutionStep step)
   在 System.Web.HttpApplication.ExecuteStep(IExecutionStep step, Boolean& completedSynchronously)
2019-12-05 20:29:04.054 DEBUG Application_Error: System.NullReferenceException: 未将对象引用设置到对象的实例。
   在 Crazy2018_WebSite_Manage.Hubs.NoticeHub.OnConnected() 位置 D:\WhirlSys\whirl2020sites\Whirl2019_Sites\Crazy2018_WebSite_Manage\Hubs\NoticeHub.cs:行号 25
   在 Microsoft.AspNet.SignalR.Hubs.HubDispatcher.Connect(IHub hub)
   在 Microsoft.AspNet.SignalR.Hubs.HubPipelineModule.<>c__DisplayClass1_0.<BuildConnect>b__0(IHub hub)
   在 Microsoft.AspNet.SignalR.Hubs.HubPipeline.Connect(IHub hub)
   在 Microsoft.AspNet.SignalR.Hubs.HubDispatcher.<OnConnected>b__30_0(IHub hub)
   在 Microsoft.AspNet.SignalR.Hubs.HubDispatcher.<>c__DisplayClass35_0.<ExecuteHubEvent>b__0(IHub instance)
   在 System.Linq.Enumerable.WhereSelectListIterator`2.MoveNext()
   在 System.Linq.Buffer`1..ctor(IEnumerable`1 source)
   在 System.Linq.Enumerable.ToArray[TSource](IEnumerable`1 source)
   在 Microsoft.AspNet.SignalR.Hubs.HubDispatcher.ExecuteHubEvent(IRequest request, String connectionId, Func`2 action)
   在 Microsoft.AspNet.SignalR.Hubs.HubDispatcher.OnConnected(IRequest request, String connectionId)
   在 Microsoft.AspNet.SignalR.PersistentConnection.ProcessStartRequest(HostContext context, String connectionId)
   在 Microsoft.AspNet.SignalR.PersistentConnection.ProcessRequestPostGroupRead(HostContext context, String groupsToken)
   在 Microsoft.AspNet.SignalR.PersistentConnection.<>c.<ProcessRequest>b__63_0(String g, PersistentConnection pc, HostContext c)
   在 Microsoft.AspNet.SignalR.TaskAsyncHelper.FromMethod[T1,T2,T3,TResult](Func`4 func, T1 arg1, T2 arg2, T3 arg3)
--- 引发异常的上一位置中堆栈跟踪的末尾 ---
   在 System.Runtime.CompilerServices.TaskAwaiter.ThrowForNonSuccess(Task task)
   在 System.Runtime.CompilerServices.TaskAwaiter.HandleNonSuccessAndDebuggerNotification(Task task)
   在 Microsoft.Owin.Mapping.MapMiddleware.<Invoke>d__0.MoveNext()
--- 引发异常的上一位置中堆栈跟踪的末尾 ---
   在 Microsoft.Owin.Host.SystemWeb.IntegratedPipeline.StageAsyncResult.End(IAsyncResult ar)
   在 Microsoft.Owin.Host.SystemWeb.IntegratedPipeline.IntegratedPipelineContext.EndFinalWork(IAsyncResult ar)
   在 System.Web.HttpApplication.AsyncEventExecutionStep.System.Web.HttpApplication.IExecutionStep.Execute()
   在 System.Web.HttpApplication.ExecuteStepImpl(IExecutionStep step)
   在 System.Web.HttpApplication.ExecuteStep(IExecutionStep step, Boolean& completedSynchronously)
2019-12-05 20:30:26.033 DEBUG Application_Error: System.NullReferenceException: 未将对象引用设置到对象的实例。
   在 Crazy2018_WebSite_Manage.Hubs.NoticeHub.OnConnected() 位置 D:\WhirlSys\whirl2020sites\Whirl2019_Sites\Crazy2018_WebSite_Manage\Hubs\NoticeHub.cs:行号 25
   在 Microsoft.AspNet.SignalR.Hubs.HubDispatcher.Connect(IHub hub)
   在 Microsoft.AspNet.SignalR.Hubs.HubPipelineModule.<>c__DisplayClass1_0.<BuildConnect>b__0(IHub hub)
   在 Microsoft.AspNet.SignalR.Hubs.HubPipeline.Connect(IHub hub)
   在 Microsoft.AspNet.SignalR.Hubs.HubDispatcher.<OnConnected>b__30_0(IHub hub)
   在 Microsoft.AspNet.SignalR.Hubs.HubDispatcher.<>c__DisplayClass35_0.<ExecuteHubEvent>b__0(IHub instance)
   在 System.Linq.Enumerable.WhereSelectListIterator`2.MoveNext()
   在 System.Linq.Buffer`1..ctor(IEnumerable`1 source)
   在 System.Linq.Enumerable.ToArray[TSource](IEnumerable`1 source)
   在 Microsoft.AspNet.SignalR.Hubs.HubDispatcher.ExecuteHubEvent(IRequest request, String connectionId, Func`2 action)
   在 Microsoft.AspNet.SignalR.Hubs.HubDispatcher.OnConnected(IRequest request, String connectionId)
   在 Microsoft.AspNet.SignalR.PersistentConnection.ProcessStartRequest(HostContext context, String connectionId)
   在 Microsoft.AspNet.SignalR.PersistentConnection.ProcessRequestPostGroupRead(HostContext context, String groupsToken)
   在 Microsoft.AspNet.SignalR.PersistentConnection.<>c.<ProcessRequest>b__63_0(String g, PersistentConnection pc, HostContext c)
   在 Microsoft.AspNet.SignalR.TaskAsyncHelper.FromMethod[T1,T2,T3,TResult](Func`4 func, T1 arg1, T2 arg2, T3 arg3)
--- 引发异常的上一位置中堆栈跟踪的末尾 ---
   在 System.Runtime.CompilerServices.TaskAwaiter.ThrowForNonSuccess(Task task)
   在 System.Runtime.CompilerServices.TaskAwaiter.HandleNonSuccessAndDebuggerNotification(Task task)
   在 Microsoft.Owin.Mapping.MapMiddleware.<Invoke>d__0.MoveNext()
--- 引发异常的上一位置中堆栈跟踪的末尾 ---
   在 Microsoft.Owin.Host.SystemWeb.IntegratedPipeline.StageAsyncResult.End(IAsyncResult ar)
   在 Microsoft.Owin.Host.SystemWeb.IntegratedPipeline.IntegratedPipelineContext.EndFinalWork(IAsyncResult ar)
   在 System.Web.HttpApplication.AsyncEventExecutionStep.System.Web.HttpApplication.IExecutionStep.Execute()
   在 System.Web.HttpApplication.ExecuteStepImpl(IExecutionStep step)
   在 System.Web.HttpApplication.ExecuteStep(IExecutionStep step, Boolean& completedSynchronously)
2019-12-05 20:36:01.707 DEBUG Application_Error: System.NullReferenceException: 未将对象引用设置到对象的实例。
   在 Crazy2018_WebSite_Manage.Hubs.NoticeHub.OnConnected() 位置 D:\WhirlSys\whirl2020sites\Whirl2019_Sites\Crazy2018_WebSite_Manage\Hubs\NoticeHub.cs:行号 25
   在 Microsoft.AspNet.SignalR.Hubs.HubDispatcher.Connect(IHub hub)
   在 Microsoft.AspNet.SignalR.Hubs.HubPipelineModule.<>c__DisplayClass1_0.<BuildConnect>b__0(IHub hub)
   在 Microsoft.AspNet.SignalR.Hubs.HubPipeline.Connect(IHub hub)
   在 Microsoft.AspNet.SignalR.Hubs.HubDispatcher.<OnConnected>b__30_0(IHub hub)
   在 Microsoft.AspNet.SignalR.Hubs.HubDispatcher.<>c__DisplayClass35_0.<ExecuteHubEvent>b__0(IHub instance)
   在 System.Linq.Enumerable.WhereSelectListIterator`2.MoveNext()
   在 System.Linq.Buffer`1..ctor(IEnumerable`1 source)
   在 System.Linq.Enumerable.ToArray[TSource](IEnumerable`1 source)
   在 Microsoft.AspNet.SignalR.Hubs.HubDispatcher.ExecuteHubEvent(IRequest request, String connectionId, Func`2 action)
   在 Microsoft.AspNet.SignalR.Hubs.HubDispatcher.OnConnected(IRequest request, String connectionId)
   在 Microsoft.AspNet.SignalR.PersistentConnection.ProcessStartRequest(HostContext context, String connectionId)
   在 Microsoft.AspNet.SignalR.PersistentConnection.ProcessRequestPostGroupRead(HostContext context, String groupsToken)
   在 Microsoft.AspNet.SignalR.PersistentConnection.<>c.<ProcessRequest>b__63_0(String g, PersistentConnection pc, HostContext c)
   在 Microsoft.AspNet.SignalR.TaskAsyncHelper.FromMethod[T1,T2,T3,TResult](Func`4 func, T1 arg1, T2 arg2, T3 arg3)
--- 引发异常的上一位置中堆栈跟踪的末尾 ---
   在 System.Runtime.CompilerServices.TaskAwaiter.ThrowForNonSuccess(Task task)
   在 System.Runtime.CompilerServices.TaskAwaiter.HandleNonSuccessAndDebuggerNotification(Task task)
   在 Microsoft.Owin.Mapping.MapMiddleware.<Invoke>d__0.MoveNext()
--- 引发异常的上一位置中堆栈跟踪的末尾 ---
   在 Microsoft.Owin.Host.SystemWeb.IntegratedPipeline.StageAsyncResult.End(IAsyncResult ar)
   在 Microsoft.Owin.Host.SystemWeb.IntegratedPipeline.IntegratedPipelineContext.EndFinalWork(IAsyncResult ar)
   在 System.Web.HttpApplication.AsyncEventExecutionStep.System.Web.HttpApplication.IExecutionStep.Execute()
   在 System.Web.HttpApplication.ExecuteStepImpl(IExecutionStep step)
   在 System.Web.HttpApplication.ExecuteStep(IExecutionStep step, Boolean& completedSynchronously)
2019-12-05 20:42:53.844 DEBUG Application_Error: System.NullReferenceException: 未将对象引用设置到对象的实例。
   在 Crazy2018_WebSite_Manage.Hubs.NoticeHub.OnConnected() 位置 D:\WhirlSys\whirl2020sites\Whirl2019_Sites\Crazy2018_WebSite_Manage\Hubs\NoticeHub.cs:行号 25
   在 Microsoft.AspNet.SignalR.Hubs.HubDispatcher.Connect(IHub hub)
   在 Microsoft.AspNet.SignalR.Hubs.HubPipelineModule.<>c__DisplayClass1_0.<BuildConnect>b__0(IHub hub)
   在 Microsoft.AspNet.SignalR.Hubs.HubPipeline.Connect(IHub hub)
   在 Microsoft.AspNet.SignalR.Hubs.HubDispatcher.<OnConnected>b__30_0(IHub hub)
   在 Microsoft.AspNet.SignalR.Hubs.HubDispatcher.<>c__DisplayClass35_0.<ExecuteHubEvent>b__0(IHub instance)
   在 System.Linq.Enumerable.WhereSelectListIterator`2.MoveNext()
   在 System.Linq.Buffer`1..ctor(IEnumerable`1 source)
   在 System.Linq.Enumerable.ToArray[TSource](IEnumerable`1 source)
   在 Microsoft.AspNet.SignalR.Hubs.HubDispatcher.ExecuteHubEvent(IRequest request, String connectionId, Func`2 action)
   在 Microsoft.AspNet.SignalR.Hubs.HubDispatcher.OnConnected(IRequest request, String connectionId)
   在 Microsoft.AspNet.SignalR.PersistentConnection.ProcessStartRequest(HostContext context, String connectionId)
   在 Microsoft.AspNet.SignalR.PersistentConnection.ProcessRequestPostGroupRead(HostContext context, String groupsToken)
   在 Microsoft.AspNet.SignalR.PersistentConnection.<>c.<ProcessRequest>b__63_0(String g, PersistentConnection pc, HostContext c)
   在 Microsoft.AspNet.SignalR.TaskAsyncHelper.FromMethod[T1,T2,T3,TResult](Func`4 func, T1 arg1, T2 arg2, T3 arg3)
--- 引发异常的上一位置中堆栈跟踪的末尾 ---
   在 System.Runtime.CompilerServices.TaskAwaiter.ThrowForNonSuccess(Task task)
   在 System.Runtime.CompilerServices.TaskAwaiter.HandleNonSuccessAndDebuggerNotification(Task task)
   在 Microsoft.Owin.Mapping.MapMiddleware.<Invoke>d__0.MoveNext()
--- 引发异常的上一位置中堆栈跟踪的末尾 ---
   在 Microsoft.Owin.Host.SystemWeb.IntegratedPipeline.StageAsyncResult.End(IAsyncResult ar)
   在 Microsoft.Owin.Host.SystemWeb.IntegratedPipeline.IntegratedPipelineContext.EndFinalWork(IAsyncResult ar)
   在 System.Web.HttpApplication.AsyncEventExecutionStep.System.Web.HttpApplication.IExecutionStep.Execute()
   在 System.Web.HttpApplication.ExecuteStepImpl(IExecutionStep step)
   在 System.Web.HttpApplication.ExecuteStep(IExecutionStep step, Boolean& completedSynchronously)
2019-12-05 20:43:20.452 DEBUG Application_Error: System.NullReferenceException: 未将对象引用设置到对象的实例。
   在 Crazy2018_WebSite_Manage.Hubs.NoticeHub.OnConnected() 位置 D:\WhirlSys\whirl2020sites\Whirl2019_Sites\Crazy2018_WebSite_Manage\Hubs\NoticeHub.cs:行号 25
   在 Microsoft.AspNet.SignalR.Hubs.HubDispatcher.Connect(IHub hub)
   在 Microsoft.AspNet.SignalR.Hubs.HubPipelineModule.<>c__DisplayClass1_0.<BuildConnect>b__0(IHub hub)
   在 Microsoft.AspNet.SignalR.Hubs.HubPipeline.Connect(IHub hub)
   在 Microsoft.AspNet.SignalR.Hubs.HubDispatcher.<OnConnected>b__30_0(IHub hub)
   在 Microsoft.AspNet.SignalR.Hubs.HubDispatcher.<>c__DisplayClass35_0.<ExecuteHubEvent>b__0(IHub instance)
   在 System.Linq.Enumerable.WhereSelectListIterator`2.MoveNext()
   在 System.Linq.Buffer`1..ctor(IEnumerable`1 source)
   在 System.Linq.Enumerable.ToArray[TSource](IEnumerable`1 source)
   在 Microsoft.AspNet.SignalR.Hubs.HubDispatcher.ExecuteHubEvent(IRequest request, String connectionId, Func`2 action)
   在 Microsoft.AspNet.SignalR.Hubs.HubDispatcher.OnConnected(IRequest request, String connectionId)
   在 Microsoft.AspNet.SignalR.PersistentConnection.ProcessStartRequest(HostContext context, String connectionId)
   在 Microsoft.AspNet.SignalR.PersistentConnection.ProcessRequestPostGroupRead(HostContext context, String groupsToken)
   在 Microsoft.AspNet.SignalR.PersistentConnection.<>c.<ProcessRequest>b__63_0(String g, PersistentConnection pc, HostContext c)
   在 Microsoft.AspNet.SignalR.TaskAsyncHelper.FromMethod[T1,T2,T3,TResult](Func`4 func, T1 arg1, T2 arg2, T3 arg3)
--- 引发异常的上一位置中堆栈跟踪的末尾 ---
   在 System.Runtime.CompilerServices.TaskAwaiter.ThrowForNonSuccess(Task task)
   在 System.Runtime.CompilerServices.TaskAwaiter.HandleNonSuccessAndDebuggerNotification(Task task)
   在 Microsoft.Owin.Mapping.MapMiddleware.<Invoke>d__0.MoveNext()
--- 引发异常的上一位置中堆栈跟踪的末尾 ---
   在 Microsoft.Owin.Host.SystemWeb.IntegratedPipeline.StageAsyncResult.End(IAsyncResult ar)
   在 Microsoft.Owin.Host.SystemWeb.IntegratedPipeline.IntegratedPipelineContext.EndFinalWork(IAsyncResult ar)
   在 System.Web.HttpApplication.AsyncEventExecutionStep.System.Web.HttpApplication.IExecutionStep.Execute()
   在 System.Web.HttpApplication.ExecuteStepImpl(IExecutionStep step)
   在 System.Web.HttpApplication.ExecuteStep(IExecutionStep step, Boolean& completedSynchronously)
2019-12-05 20:44:04.017 DEBUG Application_Error: System.NullReferenceException: 未将对象引用设置到对象的实例。
   在 Crazy2018_WebSite_Manage.Controllers.HomeController.Index() 位置 D:\WhirlSys\whirl2020sites\Whirl2019_Sites\Crazy2018_WebSite_Manage\Controllers\HomeController.cs:行号 240
   在 lambda_method(Closure , ControllerBase , Object[] )
   在 System.Web.Mvc.ActionMethodDispatcher.Execute(ControllerBase controller, Object[] parameters)
   在 System.Web.Mvc.ReflectedActionDescriptor.Execute(ControllerContext controllerContext, IDictionary`2 parameters)
   在 System.Web.Mvc.ControllerActionInvoker.InvokeActionMethod(ControllerContext controllerContext, ActionDescriptor actionDescriptor, IDictionary`2 parameters)
   在 System.Web.Mvc.Async.AsyncControllerActionInvoker.<BeginInvokeSynchronousActionMethod>b__39(IAsyncResult asyncResult, ActionInvocation innerInvokeState)
   在 System.Web.Mvc.Async.AsyncResultWrapper.WrappedAsyncResult`2.CallEndDelegate(IAsyncResult asyncResult)
   在 System.Web.Mvc.Async.AsyncResultWrapper.WrappedAsyncResultBase`1.End()
   在 System.Web.Mvc.Async.AsyncControllerActionInvoker.EndInvokeActionMethod(IAsyncResult asyncResult)
   在 System.Web.Mvc.Async.AsyncControllerActionInvoker.AsyncInvocationWithFilters.<InvokeActionMethodFilterAsynchronouslyRecursive>b__3d()
   在 System.Web.Mvc.Async.AsyncControllerActionInvoker.AsyncInvocationWithFilters.<>c__DisplayClass46.<InvokeActionMethodFilterAsynchronouslyRecursive>b__3f()
   在 System.Web.Mvc.Async.AsyncControllerActionInvoker.AsyncInvocationWithFilters.<>c__DisplayClass46.<InvokeActionMethodFilterAsynchronouslyRecursive>b__3f()
   在 System.Web.Mvc.Async.AsyncControllerActionInvoker.<>c__DisplayClass33.<BeginInvokeActionMethodWithFilters>b__32(IAsyncResult asyncResult)
   在 System.Web.Mvc.Async.AsyncResultWrapper.WrappedAsyncResult`1.CallEndDelegate(IAsyncResult asyncResult)
   在 System.Web.Mvc.Async.AsyncResultWrapper.WrappedAsyncResultBase`1.End()
   在 System.Web.Mvc.Async.AsyncControllerActionInvoker.EndInvokeActionMethodWithFilters(IAsyncResult asyncResult)
   在 System.Web.Mvc.Async.AsyncControllerActionInvoker.<>c__DisplayClass21.<>c__DisplayClass2b.<BeginInvokeAction>b__1c()
   在 System.Web.Mvc.Async.AsyncControllerActionInvoker.<>c__DisplayClass21.<BeginInvokeAction>b__1e(IAsyncResult asyncResult)
   在 System.Web.Mvc.Async.AsyncResultWrapper.WrappedAsyncResult`1.CallEndDelegate(IAsyncResult asyncResult)
   在 System.Web.Mvc.Async.AsyncResultWrapper.WrappedAsyncResultBase`1.End()
   在 System.Web.Mvc.Async.AsyncControllerActionInvoker.EndInvokeAction(IAsyncResult asyncResult)
   在 System.Web.Mvc.Controller.<BeginExecuteCore>b__1d(IAsyncResult asyncResult, ExecuteCoreState innerState)
   在 System.Web.Mvc.Async.AsyncResultWrapper.WrappedAsyncVoid`1.CallEndDelegate(IAsyncResult asyncResult)
   在 System.Web.Mvc.Async.AsyncResultWrapper.WrappedAsyncResultBase`1.End()
   在 System.Web.Mvc.Controller.EndExecuteCore(IAsyncResult asyncResult)
   在 System.Web.Mvc.Controller.<BeginExecute>b__15(IAsyncResult asyncResult, Controller controller)
   在 System.Web.Mvc.Async.AsyncResultWrapper.WrappedAsyncVoid`1.CallEndDelegate(IAsyncResult asyncResult)
   在 System.Web.Mvc.Async.AsyncResultWrapper.WrappedAsyncResultBase`1.End()
   在 System.Web.Mvc.Controller.EndExecute(IAsyncResult asyncResult)
   在 System.Web.Mvc.Controller.System.Web.Mvc.Async.IAsyncController.EndExecute(IAsyncResult asyncResult)
   在 System.Web.Mvc.MvcHandler.<BeginProcessRequest>b__5(IAsyncResult asyncResult, ProcessRequestState innerState)
   在 System.Web.Mvc.Async.AsyncResultWrapper.WrappedAsyncVoid`1.CallEndDelegate(IAsyncResult asyncResult)
   在 System.Web.Mvc.Async.AsyncResultWrapper.WrappedAsyncResultBase`1.End()
   在 System.Web.Mvc.MvcHandler.EndProcessRequest(IAsyncResult asyncResult)
   在 System.Web.Mvc.MvcHandler.System.Web.IHttpAsyncHandler.EndProcessRequest(IAsyncResult result)
   在 System.Web.HttpApplication.CallHandlerExecutionStep.System.Web.HttpApplication.IExecutionStep.Execute()
   在 System.Web.HttpApplication.ExecuteStepImpl(IExecutionStep step)
   在 System.Web.HttpApplication.ExecuteStep(IExecutionStep step, Boolean& completedSynchronously)
2019-12-05 20:44:10.893 DEBUG Application_Error: System.NullReferenceException: 未将对象引用设置到对象的实例。
   在 Crazy2018_WebSite_Manage.Controllers.BusinessController.Takenowlist() 位置 D:\WhirlSys\whirl2020sites\Whirl2019_Sites\Crazy2018_WebSite_Manage\Controllers\BusinessController.cs:行号 1270
   在 lambda_method(Closure , ControllerBase , Object[] )
   在 System.Web.Mvc.ActionMethodDispatcher.Execute(ControllerBase controller, Object[] parameters)
   在 System.Web.Mvc.ReflectedActionDescriptor.Execute(ControllerContext controllerContext, IDictionary`2 parameters)
   在 System.Web.Mvc.ControllerActionInvoker.InvokeActionMethod(ControllerContext controllerContext, ActionDescriptor actionDescriptor, IDictionary`2 parameters)
   在 System.Web.Mvc.Async.AsyncControllerActionInvoker.<BeginInvokeSynchronousActionMethod>b__39(IAsyncResult asyncResult, ActionInvocation innerInvokeState)
   在 System.Web.Mvc.Async.AsyncResultWrapper.WrappedAsyncResult`2.CallEndDelegate(IAsyncResult asyncResult)
   在 System.Web.Mvc.Async.AsyncResultWrapper.WrappedAsyncResultBase`1.End()
   在 System.Web.Mvc.Async.AsyncControllerActionInvoker.EndInvokeActionMethod(IAsyncResult asyncResult)
   在 System.Web.Mvc.Async.AsyncControllerActionInvoker.AsyncInvocationWithFilters.<InvokeActionMethodFilterAsynchronouslyRecursive>b__3d()
   在 System.Web.Mvc.Async.AsyncControllerActionInvoker.AsyncInvocationWithFilters.<>c__DisplayClass46.<InvokeActionMethodFilterAsynchronouslyRecursive>b__3f()
   在 System.Web.Mvc.Async.AsyncControllerActionInvoker.<>c__DisplayClass33.<BeginInvokeActionMethodWithFilters>b__32(IAsyncResult asyncResult)
   在 System.Web.Mvc.Async.AsyncResultWrapper.WrappedAsyncResult`1.CallEndDelegate(IAsyncResult asyncResult)
   在 System.Web.Mvc.Async.AsyncResultWrapper.WrappedAsyncResultBase`1.End()
   在 System.Web.Mvc.Async.AsyncControllerActionInvoker.EndInvokeActionMethodWithFilters(IAsyncResult asyncResult)
   在 System.Web.Mvc.Async.AsyncControllerActionInvoker.<>c__DisplayClass21.<>c__DisplayClass2b.<BeginInvokeAction>b__1c()
   在 System.Web.Mvc.Async.AsyncControllerActionInvoker.<>c__DisplayClass21.<BeginInvokeAction>b__1e(IAsyncResult asyncResult)
   在 System.Web.Mvc.Async.AsyncResultWrapper.WrappedAsyncResult`1.CallEndDelegate(IAsyncResult asyncResult)
   在 System.Web.Mvc.Async.AsyncResultWrapper.WrappedAsyncResultBase`1.End()
   在 System.Web.Mvc.Async.AsyncControllerActionInvoker.EndInvokeAction(IAsyncResult asyncResult)
   在 System.Web.Mvc.Controller.<BeginExecuteCore>b__1d(IAsyncResult asyncResult, ExecuteCoreState innerState)
   在 System.Web.Mvc.Async.AsyncResultWrapper.WrappedAsyncVoid`1.CallEndDelegate(IAsyncResult asyncResult)
   在 System.Web.Mvc.Async.AsyncResultWrapper.WrappedAsyncResultBase`1.End()
   在 System.Web.Mvc.Controller.EndExecuteCore(IAsyncResult asyncResult)
   在 System.Web.Mvc.Controller.<BeginExecute>b__15(IAsyncResult asyncResult, Controller controller)
   在 System.Web.Mvc.Async.AsyncResultWrapper.WrappedAsyncVoid`1.CallEndDelegate(IAsyncResult asyncResult)
   在 System.Web.Mvc.Async.AsyncResultWrapper.WrappedAsyncResultBase`1.End()
   在 System.Web.Mvc.Controller.EndExecute(IAsyncResult asyncResult)
   在 System.Web.Mvc.Controller.System.Web.Mvc.Async.IAsyncController.EndExecute(IAsyncResult asyncResult)
   在 System.Web.Mvc.MvcHandler.<BeginProcessRequest>b__5(IAsyncResult asyncResult, ProcessRequestState innerState)
   在 System.Web.Mvc.Async.AsyncResultWrapper.WrappedAsyncVoid`1.CallEndDelegate(IAsyncResult asyncResult)
   在 System.Web.Mvc.Async.AsyncResultWrapper.WrappedAsyncResultBase`1.End()
   在 System.Web.Mvc.MvcHandler.EndProcessRequest(IAsyncResult asyncResult)
   在 System.Web.Mvc.MvcHandler.System.Web.IHttpAsyncHandler.EndProcessRequest(IAsyncResult result)
   在 System.Web.HttpApplication.CallHandlerExecutionStep.System.Web.HttpApplication.IExecutionStep.Execute()
   在 System.Web.HttpApplication.ExecuteStepImpl(IExecutionStep step)
   在 System.Web.HttpApplication.ExecuteStep(IExecutionStep step, Boolean& completedSynchronously)
2019-12-05 20:44:17.501 DEBUG Application_Error: System.NullReferenceException: 未将对象引用设置到对象的实例。
   在 Crazy2018_WebSite_Manage.Controllers.HomeController.Index() 位置 D:\WhirlSys\whirl2020sites\Whirl2019_Sites\Crazy2018_WebSite_Manage\Controllers\HomeController.cs:行号 240
   在 lambda_method(Closure , ControllerBase , Object[] )
   在 System.Web.Mvc.ActionMethodDispatcher.Execute(ControllerBase controller, Object[] parameters)
   在 System.Web.Mvc.ReflectedActionDescriptor.Execute(ControllerContext controllerContext, IDictionary`2 parameters)
   在 System.Web.Mvc.ControllerActionInvoker.InvokeActionMethod(ControllerContext controllerContext, ActionDescriptor actionDescriptor, IDictionary`2 parameters)
   在 System.Web.Mvc.Async.AsyncControllerActionInvoker.<BeginInvokeSynchronousActionMethod>b__39(IAsyncResult asyncResult, ActionInvocation innerInvokeState)
   在 System.Web.Mvc.Async.AsyncResultWrapper.WrappedAsyncResult`2.CallEndDelegate(IAsyncResult asyncResult)
   在 System.Web.Mvc.Async.AsyncResultWrapper.WrappedAsyncResultBase`1.End()
   在 System.Web.Mvc.Async.AsyncControllerActionInvoker.EndInvokeActionMethod(IAsyncResult asyncResult)
   在 System.Web.Mvc.Async.AsyncControllerActionInvoker.AsyncInvocationWithFilters.<InvokeActionMethodFilterAsynchronouslyRecursive>b__3d()
   在 System.Web.Mvc.Async.AsyncControllerActionInvoker.AsyncInvocationWithFilters.<>c__DisplayClass46.<InvokeActionMethodFilterAsynchronouslyRecursive>b__3f()
   在 System.Web.Mvc.Async.AsyncControllerActionInvoker.AsyncInvocationWithFilters.<>c__DisplayClass46.<InvokeActionMethodFilterAsynchronouslyRecursive>b__3f()
   在 System.Web.Mvc.Async.AsyncControllerActionInvoker.<>c__DisplayClass33.<BeginInvokeActionMethodWithFilters>b__32(IAsyncResult asyncResult)
   在 System.Web.Mvc.Async.AsyncResultWrapper.WrappedAsyncResult`1.CallEndDelegate(IAsyncResult asyncResult)
   在 System.Web.Mvc.Async.AsyncResultWrapper.WrappedAsyncResultBase`1.End()
   在 System.Web.Mvc.Async.AsyncControllerActionInvoker.EndInvokeActionMethodWithFilters(IAsyncResult asyncResult)
   在 System.Web.Mvc.Async.AsyncControllerActionInvoker.<>c__DisplayClass21.<>c__DisplayClass2b.<BeginInvokeAction>b__1c()
   在 System.Web.Mvc.Async.AsyncControllerActionInvoker.<>c__DisplayClass21.<BeginInvokeAction>b__1e(IAsyncResult asyncResult)
   在 System.Web.Mvc.Async.AsyncResultWrapper.WrappedAsyncResult`1.CallEndDelegate(IAsyncResult asyncResult)
   在 System.Web.Mvc.Async.AsyncResultWrapper.WrappedAsyncResultBase`1.End()
   在 System.Web.Mvc.Async.AsyncControllerActionInvoker.EndInvokeAction(IAsyncResult asyncResult)
   在 System.Web.Mvc.Controller.<BeginExecuteCore>b__1d(IAsyncResult asyncResult, ExecuteCoreState innerState)
   在 System.Web.Mvc.Async.AsyncResultWrapper.WrappedAsyncVoid`1.CallEndDelegate(IAsyncResult asyncResult)
   在 System.Web.Mvc.Async.AsyncResultWrapper.WrappedAsyncResultBase`1.End()
   在 System.Web.Mvc.Controller.EndExecuteCore(IAsyncResult asyncResult)
   在 System.Web.Mvc.Controller.<BeginExecute>b__15(IAsyncResult asyncResult, Controller controller)
   在 System.Web.Mvc.Async.AsyncResultWrapper.WrappedAsyncVoid`1.CallEndDelegate(IAsyncResult asyncResult)
   在 System.Web.Mvc.Async.AsyncResultWrapper.WrappedAsyncResultBase`1.End()
   在 System.Web.Mvc.Controller.EndExecute(IAsyncResult asyncResult)
   在 System.Web.Mvc.Controller.System.Web.Mvc.Async.IAsyncController.EndExecute(IAsyncResult asyncResult)
   在 System.Web.Mvc.MvcHandler.<BeginProcessRequest>b__5(IAsyncResult asyncResult, ProcessRequestState innerState)
   在 System.Web.Mvc.Async.AsyncResultWrapper.WrappedAsyncVoid`1.CallEndDelegate(IAsyncResult asyncResult)
   在 System.Web.Mvc.Async.AsyncResultWrapper.WrappedAsyncResultBase`1.End()
   在 System.Web.Mvc.MvcHandler.EndProcessRequest(IAsyncResult asyncResult)
   在 System.Web.Mvc.MvcHandler.System.Web.IHttpAsyncHandler.EndProcessRequest(IAsyncResult result)
   在 System.Web.HttpApplication.CallHandlerExecutionStep.System.Web.HttpApplication.IExecutionStep.Execute()
   在 System.Web.HttpApplication.ExecuteStepImpl(IExecutionStep step)
   在 System.Web.HttpApplication.ExecuteStep(IExecutionStep step, Boolean& completedSynchronously)
2019-12-05 20:44:25.959 DEBUG Application_Error: System.NullReferenceException: 未将对象引用设置到对象的实例。
   在 Crazy2018_WebSite_Manage.Hubs.NoticeHub.OnConnected() 位置 D:\WhirlSys\whirl2020sites\Whirl2019_Sites\Crazy2018_WebSite_Manage\Hubs\NoticeHub.cs:行号 25
   在 Microsoft.AspNet.SignalR.Hubs.HubDispatcher.Connect(IHub hub)
   在 Microsoft.AspNet.SignalR.Hubs.HubPipelineModule.<>c__DisplayClass1_0.<BuildConnect>b__0(IHub hub)
   在 Microsoft.AspNet.SignalR.Hubs.HubPipeline.Connect(IHub hub)
   在 Microsoft.AspNet.SignalR.Hubs.HubDispatcher.<OnConnected>b__30_0(IHub hub)
   在 Microsoft.AspNet.SignalR.Hubs.HubDispatcher.<>c__DisplayClass35_0.<ExecuteHubEvent>b__0(IHub instance)
   在 System.Linq.Enumerable.WhereSelectListIterator`2.MoveNext()
   在 System.Linq.Buffer`1..ctor(IEnumerable`1 source)
   在 System.Linq.Enumerable.ToArray[TSource](IEnumerable`1 source)
   在 Microsoft.AspNet.SignalR.Hubs.HubDispatcher.ExecuteHubEvent(IRequest request, String connectionId, Func`2 action)
   在 Microsoft.AspNet.SignalR.Hubs.HubDispatcher.OnConnected(IRequest request, String connectionId)
   在 Microsoft.AspNet.SignalR.PersistentConnection.ProcessStartRequest(HostContext context, String connectionId)
   在 Microsoft.AspNet.SignalR.PersistentConnection.ProcessRequestPostGroupRead(HostContext context, String groupsToken)
   在 Microsoft.AspNet.SignalR.PersistentConnection.<>c.<ProcessRequest>b__63_0(String g, PersistentConnection pc, HostContext c)
   在 Microsoft.AspNet.SignalR.TaskAsyncHelper.FromMethod[T1,T2,T3,TResult](Func`4 func, T1 arg1, T2 arg2, T3 arg3)
--- 引发异常的上一位置中堆栈跟踪的末尾 ---
   在 System.Runtime.CompilerServices.TaskAwaiter.ThrowForNonSuccess(Task task)
   在 System.Runtime.CompilerServices.TaskAwaiter.HandleNonSuccessAndDebuggerNotification(Task task)
   在 Microsoft.Owin.Mapping.MapMiddleware.<Invoke>d__0.MoveNext()
--- 引发异常的上一位置中堆栈跟踪的末尾 ---
   在 Microsoft.Owin.Host.SystemWeb.IntegratedPipeline.StageAsyncResult.End(IAsyncResult ar)
   在 Microsoft.Owin.Host.SystemWeb.IntegratedPipeline.IntegratedPipelineContext.EndFinalWork(IAsyncResult ar)
   在 System.Web.HttpApplication.AsyncEventExecutionStep.System.Web.HttpApplication.IExecutionStep.Execute()
   在 System.Web.HttpApplication.ExecuteStepImpl(IExecutionStep step)
   在 System.Web.HttpApplication.ExecuteStep(IExecutionStep step, Boolean& completedSynchronously)
